
/*
ллллллллллллллллллллл
ллллллллллллллллллллл
лњњњлњлњњњњњлњњњњњњњл
ллњллњлллњлњлњллллњлл
лњњњњњњњњњлњлњњњњњњњл
лњллњллњлллњлњллњллњл
лњњњњлњњњњњњњњњлњлњњл
ллњлњлњлллллллњњњњњлл
лњњлњлњлллллллњлњлњњл
ллњлњњњлллллллњлњлллл
лњњлллллллллллњлњњњњл
ллњњњњњњњњлњњњњллњлњл
лњњллллллњлњлњњњњњлњл
лњњњњњњњњњлњлњлњлњлњл
лллллллллњлњлњлњлњллл
лњњњњњњњњњњњњњњњњњњњл
ллллллллллллллллллллл

*/

 { 
   019,019,000,000,000,000,000,030,000,000,000,000,000,000,000,000,000,000,000,000,000,
   006,001,001,001,008,001,008,001,001,001,001,001,008,001,001,001,001,001,001,001,003,
   002,015,015,015,002,015,002,015,015,015,015,015,002,015,015,015,015,015,015,015,002,
   002,018,015,012,005,015,004,001,013,015,014,015,002,015,012,001,001,013,015,018,002,
   002,015,015,015,015,015,015,015,015,015,002,015,002,015,015,015,015,015,015,015,002,
   002,015,012,013,015,006,013,015,012,001,005,015,011,015,012,003,015,006,013,015,002,
   002,015,015,015,015,002,015,015,015,015,015,015,015,015,015,011,015,011,015,015,002,
   007,013,015,014,015,002,015,006,001,001,016,001,001,003,015,015,015,015,015,012,010,
   002,015,015,002,015,011,015,002,000,000,000,000,000,002,015,014,015,014,015,015,002,
   007,013,015,002,015,015,015,002,000,000,000,000,000,002,015,002,015,004,001,001,010,
   002,015,015,004,001,001,001,009,001,001,001,001,001,005,015,002,015,015,015,015,002,
   007,013,015,015,015,015,015,015,015,015,000,015,015,015,015,004,013,015,014,015,002,
   002,015,015,012,001,001,001,001,013,015,014,015,014,015,015,015,015,015,002,015,002,
   002,015,015,015,015,015,015,015,015,015,002,015,002,015,014,015,014,015,002,015,002,
   002,018,012,001,001,001,001,001,013,015,011,015,011,015,011,015,011,015,011,018,002,
   002,015,015,015,015,015,015,015,015,015,015,015,015,015,015,015,015,015,015,015,002,
   004,001,001,001,001,001,001,001,001,001,001,001,001,001,001,001,001,001,001,001,005,
   } 
